<?xml version="1.0" encoding="UTF-8"?>
<testsuite xmlns:xsi="http://www.w3.org/2001/XMLSchema-instance" xsi:noNamespaceSchemaLocation="https://maven.apache.org/surefire/maven-surefire-plugin/xsd/surefire-test-report-3.0.xsd" version="3.0" name="com.orbita.orders.kafka.OutboxPollerTest" time="0.879" tests="4" errors="0" skipped="0" failures="0">
  <properties>
[...]
</properties>
  <testcase name="poll_noPendingEvents_nothingPublished" classname="com.orbita.orders.kafka.OutboxPollerTest" time="0.286"/>
  <testcase name="poll_kafkaFails_eventStaysUnsent" classname="com.orbita.orders.kafka.OutboxPollerTest" time="0.059">
    <system-out><![CDATA[2026-07-10T23:58:25.205+03:00 ERROR 30668 --- [           main] com.orbita.orders.kafka.OutboxPoller     : Outbox: failed to publish eventId=312afea9-86ac-4d9c-bc67-600c7b53db46 — will retry next cycle: java.lang.RuntimeException: Kafka down
]]></system-out>
  </testcase>
  <testcase name="poll_partialBatch_secondEventSent" classname="com.orbita.orders.kafka.OutboxPollerTest" time="0.023">
    <system-out><![CDATA[2026-07-10T23:58:25.285+03:00 ERROR 30668 --- [           main] com.orbita.orders.kafka.OutboxPoller     : Outbox: failed to publish eventId=784a3f18-36bd-4b83-a14b-8e1b985d3de6 — will retry next cycle: java.lang.RuntimeException: timeout
2026-07-10T23:58:25.286+03:00  INFO 30668 --- [           main] com.orbita.orders.kafka.OutboxPoller     : Outbox: published eventId=e479969e-fb78-44c8-8f11-103b026c122b type=OrderPaymentRequested to order-payment-requested
]]></system-out>
  </testcase>
  <testcase name="poll_publishesAndMarksAsSent" classname="com.orbita.orders.kafka.OutboxPollerTest" time="0.491">
    <system-out><![CDATA[2026-07-10T23:58:25.293+03:00  INFO 30668 --- [           main] com.orbita.orders.kafka.OutboxPoller     : Outbox: published eventId=b8af3338-431e-40e7-984c-89d077797bf2 type=OrderPaymentRequested to order-payment-requested
]]></system-out>
  </testcase>
</testsuite>